<?xml version="1.0" encoding="UTF-8"?>
<!-- Generated by org.testng.reporters.JUnitReportReporter -->
<testsuite skipped="0" hostname="DESKTOP-3V4SKF7" name="com.actitime.testscript.CustomerModule" tests="1" failures="0" timestamp="09 Feb 2023 11:37:58 GMT" time="0.010" errors="0">
  <testcase name="testCreateCustomer" time="0.010" classname="com.actitime.testscript.CustomerModule"/>
</testsuite> <!-- com.actitime.testscript.CustomerModule -->
